app/build/intermediates/manifest_merge_blame_file/debug/manifest-merger-blame-debug-report.txt
1<?xml version="1.0" encoding="utf-8"?>
2<manifest xmlns:android="http://schemas.android.com/apk/res/android"
3    package="com.guyuan.dear.debug"
4    android:versionCode="1"
5    android:versionName="1.0.0" >
6
7    <uses-sdk
8        android:minSdkVersion="24"
9        android:targetSdkVersion="29" />
10
11    <!-- 腾讯云SDK权限 -->
12    <uses-feature android:name="android.hardware.Camera" />
12-->src\main\AndroidManifest.xml:6:5-60
12-->src\main\AndroidManifest.xml:6:19-57
13    <uses-feature android:name="android.hardware.camera.autofocus" />
13-->src\main\AndroidManifest.xml:7:5-70
13-->src\main\AndroidManifest.xml:7:19-67
14
15    <uses-permission android:name="android.permission.INTERNET" /> <!-- <uses-permission android:name="android.permission.WAKE_LOCK" /> &lt;!&ndash; MQTT权限 &ndash;&gt; -->
15-->src\main\AndroidManifest.xml:9:5-67
15-->src\main\AndroidManifest.xml:9:22-64
16    <uses-permission android:name="android.permission.RECORD_AUDIO" />
16-->src\main\AndroidManifest.xml:10:5-71
16-->src\main\AndroidManifest.xml:10:22-68
17    <uses-permission android:name="android.permission.ACCESS_NETWORK_STATE" />
17-->src\main\AndroidManifest.xml:11:5-79
17-->src\main\AndroidManifest.xml:11:22-76
18    <uses-permission android:name="android.permission.ACCESS_WIFI_STATE" />
18-->src\main\AndroidManifest.xml:12:5-76
18-->src\main\AndroidManifest.xml:12:22-73
19    <uses-permission android:name="android.permission.CHANGE_NETWORK_STATE" />
19-->src\main\AndroidManifest.xml:13:5-79
19-->src\main\AndroidManifest.xml:13:22-76
20    <uses-permission android:name="android.permission.READ_PHONE_STATE" />
20-->src\main\AndroidManifest.xml:14:5-75
20-->src\main\AndroidManifest.xml:14:22-72
21    <uses-permission android:name="android.permission.CALL_PHONE" />
21-->src\main\AndroidManifest.xml:15:5-69
21-->src\main\AndroidManifest.xml:15:22-66
22    <!--
23          针对 Android 9 或更高版本并使用前台服务的应用必须请求
24              FOREGROUND_SERVICE 权限。
25    -->
26    <uses-permission android:name="android.permission.READ_CONTACTS" />
26-->src\main\AndroidManifest.xml:20:5-72
26-->src\main\AndroidManifest.xml:20:22-69
27    <uses-permission android:name="android.permission.CAMERA" /> <!-- 以下为极光推送所需权限 -->
27-->src\main\AndroidManifest.xml:21:5-65
27-->src\main\AndroidManifest.xml:21:22-62
28    <!-- Required -->
29    <uses-permission android:name="android.permission.WRITE_EXTERNAL_STORAGE" /> <!-- Required -->
29-->src\main\AndroidManifest.xml:23:5-81
29-->src\main\AndroidManifest.xml:23:22-78
30    <uses-permission android:name="android.permission.FLASHLIGHT" />
30-->src\main\AndroidManifest.xml:24:5-69
30-->src\main\AndroidManifest.xml:24:22-66
31    <uses-permission android:name="android.permission.CHANGE_WIFI_STATE" /> <!-- <uses-permission android:name="android.permission.INTERNET" /> -->
31-->src\main\AndroidManifest.xml:25:5-76
31-->src\main\AndroidManifest.xml:25:22-73
32    <!-- Optional. Required for location feature -->
33    <uses-permission android:name="android.permission.CHANGE_WIFI_MULTICAST_STATE" />
33-->src\main\AndroidManifest.xml:27:5-86
33-->src\main\AndroidManifest.xml:27:22-83
34    <uses-permission android:name="android.permission.ACCESS_FINE_LOCATION" /> <!-- 用于开启 debug 版本的应用在 6.0 系统上的层叠窗口权限 -->
34-->src\main\AndroidManifest.xml:28:5-79
34-->src\main\AndroidManifest.xml:28:22-76
35    <uses-permission android:name="android.permission.READ_EXTERNAL_STORAGE" /> <!-- <uses-permission android:name="android.permission.CHANGE_WIFI_STATE" /> -->
35-->src\main\AndroidManifest.xml:29:5-80
35-->src\main\AndroidManifest.xml:29:22-77
36    <uses-permission android:name="android.permission.WAKE_LOCK" />
36-->src\main\AndroidManifest.xml:30:5-68
36-->src\main\AndroidManifest.xml:30:22-65
37    <uses-permission android:name="android.permission.MODIFY_AUDIO_SETTINGS" /> <!-- <uses-permission android:name="android.permission.CHANGE_NETWORK_STATE" /> -->
37-->src\main\AndroidManifest.xml:31:5-80
37-->src\main\AndroidManifest.xml:31:22-77
38    <uses-permission android:name="android.permission.BLUETOOTH" />
38-->src\main\AndroidManifest.xml:32:5-68
38-->src\main\AndroidManifest.xml:32:22-65
39    <uses-permission android:name="android.permission.VIBRATE" /> <!-- MQTT后台服务保活用 -->
39-->src\main\AndroidManifest.xml:33:5-66
39-->src\main\AndroidManifest.xml:33:22-63
40    <uses-permission android:name="android.permission.FOREGROUND_SERVICE" />
40-->src\main\AndroidManifest.xml:34:5-77
40-->src\main\AndroidManifest.xml:34:22-74
41    <uses-permission android:name="android.permission.READ_LOGS" />
41-->src\main\AndroidManifest.xml:35:5-37:47
41-->src\main\AndroidManifest.xml:36:9-52
42    <uses-permission android:name="android.permission.ACCESS_FINE_LOCATION" />
42-->src\main\AndroidManifest.xml:28:5-79
42-->src\main\AndroidManifest.xml:28:22-76
43    <uses-permission android:name="android.permission.REQUEST_INSTALL_PACKAGES" />
43-->src\main\AndroidManifest.xml:39:5-83
43-->src\main\AndroidManifest.xml:39:22-80
44    <uses-permission android:name="com.guyuan.dear.debug.permission.JPUSH_MESSAGE" />
45    <uses-permission android:name="android.permission.RECEIVE_USER_PRESENT" />
45-->src\main\AndroidManifest.xml:41:5-79
45-->src\main\AndroidManifest.xml:41:22-76
46    <uses-permission android:name="android.permission.ACCESS_BACKGROUND_LOCATION" />
46-->src\main\AndroidManifest.xml:42:5-85
46-->src\main\AndroidManifest.xml:42:22-82
47    <uses-permission android:name="android.permission.SYSTEM_ALERT_WINDOW" />
47-->src\main\AndroidManifest.xml:43:5-78
47-->src\main\AndroidManifest.xml:43:22-75
48    <uses-permission android:name="android.permission.ACCESS_COARSE_LOCATION" />
48-->src\main\AndroidManifest.xml:44:5-81
48-->src\main\AndroidManifest.xml:44:22-78
49    <uses-permission android:name="android.permission.ACCESS_LOCATION_EXTRA_COMMANDS" />
49-->src\main\AndroidManifest.xml:45:5-89
49-->src\main\AndroidManifest.xml:45:22-86
50    <uses-permission android:name="android.permission.GET_TASKS" />
50-->src\main\AndroidManifest.xml:46:5-68
50-->src\main\AndroidManifest.xml:46:22-65
51    <uses-permission android:name="android.permission.RECEIVE_BOOT_COMPLETED" />
51-->src\main\AndroidManifest.xml:47:5-81
51-->src\main\AndroidManifest.xml:47:22-78
52    <uses-permission android:name="android.permission.WRITE_SETTINGS" /> <!-- 以下为友盟需要的基本权限，需要自行添加至您的AndroidManifest文件中 start -->
52-->src\main\AndroidManifest.xml:48:5-50:47
52-->src\main\AndroidManifest.xml:49:9-57
53    <uses-permission android:name="android.permission.INTERNET" />
53-->src\main\AndroidManifest.xml:9:5-67
53-->src\main\AndroidManifest.xml:9:22-64
54    <uses-permission android:name="android.permission.ACCESS_NETWORK_STATE" />
54-->src\main\AndroidManifest.xml:11:5-79
54-->src\main\AndroidManifest.xml:11:22-76
55    <uses-permission android:name="android.permission.ACCESS_WIFI_STATE" />
55-->src\main\AndroidManifest.xml:12:5-76
55-->src\main\AndroidManifest.xml:12:22-73
56    <uses-permission android:name="android.permission.WRITE_EXTERNAL_STORAGE" />
56-->src\main\AndroidManifest.xml:23:5-81
56-->src\main\AndroidManifest.xml:23:22-78
57    <uses-permission android:name="android.permission.WAKE_LOCK" />
57-->src\main\AndroidManifest.xml:30:5-68
57-->src\main\AndroidManifest.xml:30:22-65
58    <uses-permission android:name="android.permission.READ_PHONE_STATE" />
58-->src\main\AndroidManifest.xml:14:5-75
58-->src\main\AndroidManifest.xml:14:22-72
59    <uses-permission android:name="android.permission.BROADCAST_PACKAGE_ADDED" />
59-->src\main\AndroidManifest.xml:57:5-82
59-->src\main\AndroidManifest.xml:57:22-79
60    <uses-permission android:name="android.permission.BROADCAST_PACKAGE_CHANGED" />
60-->src\main\AndroidManifest.xml:58:5-84
60-->src\main\AndroidManifest.xml:58:22-81
61    <uses-permission android:name="android.permission.BROADCAST_PACKAGE_INSTALL" />
61-->src\main\AndroidManifest.xml:59:5-84
61-->src\main\AndroidManifest.xml:59:22-81
62    <uses-permission android:name="android.permission.BROADCAST_PACKAGE_REPLACED" />
62-->src\main\AndroidManifest.xml:60:5-85
62-->src\main\AndroidManifest.xml:60:22-82
63    <uses-permission android:name="android.permission.GET_TASKS" />
63-->src\main\AndroidManifest.xml:46:5-68
63-->src\main\AndroidManifest.xml:46:22-65
64    <uses-permission android:name="android.permission.RECEIVE_BOOT_COMPLETED" /> <!-- 以下为友盟需要的基本权限，需要自行添加至您的AndroidManifest文件中 end -->
64-->src\main\AndroidManifest.xml:47:5-81
64-->src\main\AndroidManifest.xml:47:22-78
65    <!-- 百度地图 start -->
66    <!-- 这个权限用于进行网络定位 -->
67    <uses-permission android:name="android.permission.ACCESS_COARSE_LOCATION" /> <!-- 这个权限用于访问GPS定位 -->
67-->src\main\AndroidManifest.xml:44:5-81
67-->src\main\AndroidManifest.xml:44:22-78
68    <uses-permission android:name="android.permission.ACCESS_FINE_LOCATION" /> <!-- 用于访问wifi网络信息，wifi信息会用于进行网络定位 -->
68-->src\main\AndroidManifest.xml:28:5-79
68-->src\main\AndroidManifest.xml:28:22-76
69    <uses-permission android:name="android.permission.ACCESS_WIFI_STATE" /> <!-- 获取运营商信息，用于支持提供运营商信息相关的接口 -->
69-->src\main\AndroidManifest.xml:12:5-76
69-->src\main\AndroidManifest.xml:12:22-73
70    <uses-permission android:name="android.permission.ACCESS_NETWORK_STATE" /> <!-- 这个权限用于获取wifi的获取权限，wifi信息会用来进行网络定位 -->
70-->src\main\AndroidManifest.xml:11:5-79
70-->src\main\AndroidManifest.xml:11:22-76
71    <uses-permission android:name="android.permission.CHANGE_WIFI_STATE" /> <!-- 写入扩展存储，向扩展卡写入数据，用于写入离线定位数据 -->
71-->src\main\AndroidManifest.xml:25:5-76
71-->src\main\AndroidManifest.xml:25:22-73
72    <uses-permission android:name="android.permission.WRITE_EXTERNAL_STORAGE" /> <!-- 访问网络，网络定位需要上网 -->
72-->src\main\AndroidManifest.xml:23:5-81
72-->src\main\AndroidManifest.xml:23:22-78
73    <uses-permission android:name="android.permission.INTERNET" />
73-->src\main\AndroidManifest.xml:9:5-67
73-->src\main\AndroidManifest.xml:9:22-64
74
75    <application
75-->src\main\AndroidManifest.xml:73:5-118:19
76        android:name="com.guyuan.dear.base.app.DearApplication"
76-->src\main\AndroidManifest.xml:74:9-49
77        android:allowBackup="true"
77-->src\main\AndroidManifest.xml:75:9-35
78        android:appComponentFactory="androidx.core.app.CoreComponentFactory"
78-->[androidx.core:core:1.3.1] AndroidManifest.xml:24:18-86
79        android:debuggable="true"
80        android:extractNativeLibs="false"
81        android:icon="@mipmap/ic_launcher"
81-->src\main\AndroidManifest.xml:76:9-43
82        android:label="@string/test_name"
82-->src\main\AndroidManifest.xml:77:9-41
83        android:networkSecurityConfig="@xml/network_security_config"
83-->src\main\AndroidManifest.xml:78:9-69
84        android:requestLegacyExternalStorage="true"
84-->src\main\AndroidManifest.xml:79:9-52
85        android:roundIcon="@mipmap/ic_launcher_round"
85-->src\main\AndroidManifest.xml:80:9-54
86        android:supportsRtl="true"
86-->src\main\AndroidManifest.xml:81:9-35
87        android:theme="@style/AppTheme" >
87-->src\main\AndroidManifest.xml:82:9-40
88        <provider
89            android:name="androidx.core.content.FileProvider"
90            android:authorities="com.guyuan.dear.debug.cameraalbumtest.fileprovider"
91            android:exported="false"
92            android:grantUriPermissions="true" >
93            <meta-data
93-->[com.squareup.leakcanary:leakcanary-android:1.6.2] AndroidManifest.xml:43:13-45:66
94                android:name="android.support.FILE_PROVIDER_PATHS"
94-->[com.squareup.leakcanary:leakcanary-android:1.6.2] AndroidManifest.xml:44:17-67
95                android:resource="@xml/file_paths" />
95-->[com.squareup.leakcanary:leakcanary-android:1.6.2] AndroidManifest.xml:45:17-63
96        </provider>
97
98        <service android:name="com.guyuan.dear.service.BackService" /> <!-- 今日头条屏幕适配 -->
98-->src\main\AndroidManifest.xml:96:9-56
98-->src\main\AndroidManifest.xml:96:18-53
99        <meta-data
99-->src\main\AndroidManifest.xml:99:9-101:35
100            android:name="design_width_in_dp"
100-->src\main\AndroidManifest.xml:100:13-46
101            android:value="360" />
101-->src\main\AndroidManifest.xml:101:13-32
102        <meta-data
102-->src\main\AndroidManifest.xml:102:9-104:35
103            android:name="design_height_in_dp"
103-->src\main\AndroidManifest.xml:103:13-47
104            android:value="675" />
104-->src\main\AndroidManifest.xml:104:13-32
105
106        <activity android:name="com.guyuan.dear.home.MainActivity" >
106-->src\main\AndroidManifest.xml:106:9-112:20
106-->src\main\AndroidManifest.xml:106:19-52
107            <intent-filter>
107-->src\main\AndroidManifest.xml:107:13-111:29
108                <action android:name="android.intent.action.MAIN" />
108-->src\main\AndroidManifest.xml:108:17-69
108-->src\main\AndroidManifest.xml:108:25-66
109
110                <category android:name="android.intent.category.LAUNCHER" />
110-->src\main\AndroidManifest.xml:110:17-77
110-->src\main\AndroidManifest.xml:110:27-74
111            </intent-filter>
112        </activity>
113        <activity
113-->src\main\AndroidManifest.xml:114:9-117:56
114            android:name="com.guyuan.dear.test.ExamActivity"
114-->src\main\AndroidManifest.xml:115:13-46
115            android:screenOrientation="portrait" />
115-->src\main\AndroidManifest.xml:116:13-49
116
117        <service
117-->[com.squareup.leakcanary:leakcanary-android:1.6.2] AndroidManifest.xml:29:9-32:45
118            android:name="com.squareup.leakcanary.internal.HeapAnalyzerService"
118-->[com.squareup.leakcanary:leakcanary-android:1.6.2] AndroidManifest.xml:30:13-80
119            android:enabled="false"
119-->[com.squareup.leakcanary:leakcanary-android:1.6.2] AndroidManifest.xml:31:13-36
120            android:process=":leakcanary" />
120-->[com.squareup.leakcanary:leakcanary-android:1.6.2] AndroidManifest.xml:32:13-42
121        <service
121-->[com.squareup.leakcanary:leakcanary-android:1.6.2] AndroidManifest.xml:33:9-36:45
122            android:name="com.squareup.leakcanary.DisplayLeakService"
122-->[com.squareup.leakcanary:leakcanary-android:1.6.2] AndroidManifest.xml:34:13-70
123            android:enabled="false"
123-->[com.squareup.leakcanary:leakcanary-android:1.6.2] AndroidManifest.xml:35:13-36
124            android:process=":leakcanary" />
124-->[com.squareup.leakcanary:leakcanary-android:1.6.2] AndroidManifest.xml:36:13-42
125
126        <provider
126-->[com.squareup.leakcanary:leakcanary-android:1.6.2] AndroidManifest.xml:38:9-46:20
127            android:name="com.squareup.leakcanary.internal.LeakCanaryFileProvider"
127-->[com.squareup.leakcanary:leakcanary-android:1.6.2] AndroidManifest.xml:39:13-83
128            android:authorities="com.squareup.leakcanary.fileprovider.com.guyuan.dear.debug"
128-->[com.squareup.leakcanary:leakcanary-android:1.6.2] AndroidManifest.xml:40:13-88
129            android:exported="false"
129-->[com.squareup.leakcanary:leakcanary-android:1.6.2] AndroidManifest.xml:41:13-37
130            android:grantUriPermissions="true" >
130-->[com.squareup.leakcanary:leakcanary-android:1.6.2] AndroidManifest.xml:42:13-47
131            <meta-data
131-->[com.squareup.leakcanary:leakcanary-android:1.6.2] AndroidManifest.xml:43:13-45:66
132                android:name="android.support.FILE_PROVIDER_PATHS"
132-->[com.squareup.leakcanary:leakcanary-android:1.6.2] AndroidManifest.xml:44:17-67
133                android:resource="@xml/leak_canary_file_paths" />
133-->[com.squareup.leakcanary:leakcanary-android:1.6.2] AndroidManifest.xml:45:17-63
134        </provider>
135
136        <activity
136-->[com.squareup.leakcanary:leakcanary-android:1.6.2] AndroidManifest.xml:48:9-61:20
137            android:name="com.squareup.leakcanary.internal.DisplayLeakActivity"
137-->[com.squareup.leakcanary:leakcanary-android:1.6.2] AndroidManifest.xml:49:13-80
138            android:enabled="false"
138-->[com.squareup.leakcanary:leakcanary-android:1.6.2] AndroidManifest.xml:50:13-36
139            android:icon="@mipmap/leak_canary_icon"
139-->[com.squareup.leakcanary:leakcanary-android:1.6.2] AndroidManifest.xml:51:13-52
140            android:label="@string/leak_canary_display_activity_label"
140-->[com.squareup.leakcanary:leakcanary-android:1.6.2] AndroidManifest.xml:52:13-71
141            android:process=":leakcanary"
141-->[com.squareup.leakcanary:leakcanary-android:1.6.2] AndroidManifest.xml:53:13-42
142            android:taskAffinity="com.squareup.leakcanary.com.guyuan.dear.debug"
142-->[com.squareup.leakcanary:leakcanary-android:1.6.2] AndroidManifest.xml:54:13-76
143            android:theme="@style/leak_canary_LeakCanary.Base" >
143-->[com.squareup.leakcanary:leakcanary-android:1.6.2] AndroidManifest.xml:55:13-63
144            <intent-filter>
144-->src\main\AndroidManifest.xml:107:13-111:29
145                <action android:name="android.intent.action.MAIN" />
145-->src\main\AndroidManifest.xml:108:17-69
145-->src\main\AndroidManifest.xml:108:25-66
146
147                <category android:name="android.intent.category.LAUNCHER" />
147-->src\main\AndroidManifest.xml:110:17-77
147-->src\main\AndroidManifest.xml:110:27-74
148            </intent-filter>
149        </activity>
150        <activity
150-->[com.squareup.leakcanary:leakcanary-android:1.6.2] AndroidManifest.xml:62:9-71:68
151            android:name="com.squareup.leakcanary.internal.RequestStoragePermissionActivity"
151-->[com.squareup.leakcanary:leakcanary-android:1.6.2] AndroidManifest.xml:63:13-93
152            android:enabled="false"
152-->[com.squareup.leakcanary:leakcanary-android:1.6.2] AndroidManifest.xml:64:13-36
153            android:excludeFromRecents="true"
153-->[com.squareup.leakcanary:leakcanary-android:1.6.2] AndroidManifest.xml:65:13-46
154            android:icon="@mipmap/leak_canary_icon"
154-->[com.squareup.leakcanary:leakcanary-android:1.6.2] AndroidManifest.xml:66:13-52
155            android:label="@string/leak_canary_storage_permission_activity_label"
155-->[com.squareup.leakcanary:leakcanary-android:1.6.2] AndroidManifest.xml:67:13-82
156            android:process=":leakcanary"
156-->[com.squareup.leakcanary:leakcanary-android:1.6.2] AndroidManifest.xml:68:13-42
157            android:roundIcon="@mipmap/leak_canary_icon"
157-->[com.squareup.leakcanary:leakcanary-android:1.6.2] AndroidManifest.xml:69:13-57
158            android:taskAffinity="com.squareup.leakcanary.com.guyuan.dear.debug"
158-->[com.squareup.leakcanary:leakcanary-android:1.6.2] AndroidManifest.xml:70:13-76
159            android:theme="@style/leak_canary_Theme.Transparent" />
159-->[com.squareup.leakcanary:leakcanary-android:1.6.2] AndroidManifest.xml:71:13-65
160
161        <provider
161-->[androidx.lifecycle:lifecycle-process:2.2.0] AndroidManifest.xml:25:9-29:43
162            android:name="androidx.lifecycle.ProcessLifecycleOwnerInitializer"
162-->[androidx.lifecycle:lifecycle-process:2.2.0] AndroidManifest.xml:26:13-79
163            android:authorities="com.guyuan.dear.debug.lifecycle-process"
163-->[androidx.lifecycle:lifecycle-process:2.2.0] AndroidManifest.xml:27:13-69
164            android:exported="false"
164-->[androidx.lifecycle:lifecycle-process:2.2.0] AndroidManifest.xml:28:13-37
165            android:multiprocess="true" />
165-->[androidx.lifecycle:lifecycle-process:2.2.0] AndroidManifest.xml:29:13-40
166
167        <service
167-->[androidx.room:room-runtime:2.3.0-alpha01] AndroidManifest.xml:25:9-28:40
168            android:name="androidx.room.MultiInstanceInvalidationService"
168-->[androidx.room:room-runtime:2.3.0-alpha01] AndroidManifest.xml:26:13-74
169            android:directBootAware="true"
169-->[androidx.room:room-runtime:2.3.0-alpha01] AndroidManifest.xml:27:13-43
170            android:exported="false" />
170-->[androidx.room:room-runtime:2.3.0-alpha01] AndroidManifest.xml:28:13-37
171
172        <meta-data
172-->[com.github.bumptech.glide:okhttp3-integration:4.10.0] AndroidManifest.xml:11:9-13:43
173            android:name="com.bumptech.glide.integration.okhttp3.OkHttpGlideModule"
173-->[com.github.bumptech.glide:okhttp3-integration:4.10.0] AndroidManifest.xml:12:13-84
174            android:value="GlideModule" />
174-->[com.github.bumptech.glide:okhttp3-integration:4.10.0] AndroidManifest.xml:13:13-40
175
176        <provider
176-->[me.jessyan:autosize:1.1.2] AndroidManifest.xml:12:9-16:43
177            android:name="me.jessyan.autosize.InitProvider"
177-->[me.jessyan:autosize:1.1.2] AndroidManifest.xml:13:13-60
178            android:authorities="com.guyuan.dear.debug.autosize-init-provider"
178-->[me.jessyan:autosize:1.1.2] AndroidManifest.xml:14:13-74
179            android:exported="false"
179-->[me.jessyan:autosize:1.1.2] AndroidManifest.xml:15:13-37
180            android:multiprocess="true" />
180-->[me.jessyan:autosize:1.1.2] AndroidManifest.xml:16:13-40
181
182        <activity
182-->[com.droidninja:filepicker:2.2.5] AndroidManifest.xml:17:9-19:62
183            android:name="droidninja.filepicker.FilePickerActivity"
183-->[com.droidninja:filepicker:2.2.5] AndroidManifest.xml:18:13-68
184            android:configChanges="orientation|screenSize" />
184-->[com.droidninja:filepicker:2.2.5] AndroidManifest.xml:19:13-59
185        <activity
185-->[com.droidninja:filepicker:2.2.5] AndroidManifest.xml:20:9-22:62
186            android:name="droidninja.filepicker.MediaDetailsActivity"
186-->[com.droidninja:filepicker:2.2.5] AndroidManifest.xml:21:13-70
187            android:configChanges="orientation|screenSize" />
187-->[com.droidninja:filepicker:2.2.5] AndroidManifest.xml:22:13-59
188
189        <provider
189-->[com.droidninja:filepicker:2.2.5] AndroidManifest.xml:24:9-32:20
190            android:name="droidninja.filepicker.utils.FilePickerProvider"
190-->[com.droidninja:filepicker:2.2.5] AndroidManifest.xml:25:13-74
191            android:authorities="com.guyuan.dear.debug.droidninja.filepicker.provider"
191-->[com.droidninja:filepicker:2.2.5] AndroidManifest.xml:26:13-82
192            android:exported="false"
192-->[com.droidninja:filepicker:2.2.5] AndroidManifest.xml:27:13-37
193            android:grantUriPermissions="true" >
193-->[com.droidninja:filepicker:2.2.5] AndroidManifest.xml:28:13-47
194            <meta-data
194-->[com.squareup.leakcanary:leakcanary-android:1.6.2] AndroidManifest.xml:43:13-45:66
195                android:name="android.support.FILE_PROVIDER_PATHS"
195-->[com.squareup.leakcanary:leakcanary-android:1.6.2] AndroidManifest.xml:44:17-67
196                android:resource="@xml/provider_paths" />
196-->[com.squareup.leakcanary:leakcanary-android:1.6.2] AndroidManifest.xml:45:17-63
197        </provider>
198    </application>
199
200</manifest>